#
# A fatal error has been detected by the Java Runtime Environment:
#
#  Internal Error (generateOopMap.cpp:2164), pid=10364, tid=5096
#  fatal error: Illegal class file encountered. Try running with -Xverify:all in method main
#
# JRE version: OpenJDK Runtime Environment (16.0.1+9) (build 16.0.1+9-24)
# Java VM: OpenJDK 64-Bit Server VM (16.0.1+9-24, mixed mode, tiered, compressed oops, compressed class ptrs, g1 gc, windows-amd64)
# No core dump will be written. Minidumps are not enabled by default on client versions of Windows
#
# If you would like to submit a bug report, please visit:
#   https://bugreport.java.com/bugreport/crash.jsp
#

---------------  S U M M A R Y ------------

Command Line: -XX:+ShowCodeDetailsInExceptionMessages -agentlib:jdwp=transport=dt_socket,suspend=y,address=localhost:59895 -javaagent:C:\Users\21276662\Downloads\eclipse\configuration\org.eclipse.osgi\415\0\.cp\lib\javaagent-shaded.jar -Dfile.encoding=Cp1252 areaDaCasa.CalculoDaCasa

Host: Intel(R) Core(TM) i5-2320 CPU @ 3.00GHz, 4 cores, 15G,  Windows 10 , 64 bit Build 17134 (10.0.17134.1)
Time: Thu Sep  9 15:06:10 2021 Hora oficial do Brasil elapsed time: 2351.980215 seconds (0d 0h 39m 11s)

---------------  T H R E A D  ---------------

Current thread (0x0000026b30d2fbc0):  VMThread "VM Thread" [stack: 0x000000d6eb200000,0x000000d6eb300000] [id=5096]

Stack: [0x000000d6eb200000,0x000000d6eb300000]
Native frames: (J=compiled Java code, j=interpreted, Vv=VM code, C=native code)
V  [jvm.dll+0x6687ca]
V  [jvm.dll+0x7ca3c9]
V  [jvm.dll+0x7cbb53]
V  [jvm.dll+0x7cc167]
V  [jvm.dll+0x242c03]
V  [jvm.dll+0x3312e9]
V  [jvm.dll+0x32e094]
V  [jvm.dll+0x32d27b]
V  [jvm.dll+0x32c627]
V  [jvm.dll+0x6572ce]
V  [jvm.dll+0x656fd3]
V  [jvm.dll+0x61c848]
V  [jvm.dll+0x7c1e55]
V  [jvm.dll+0x520b76]
V  [jvm.dll+0x7d05eb]
V  [jvm.dll+0x7d12e4]
V  [jvm.dll+0x7d17e9]
V  [jvm.dll+0x7d1aa4]
V  [jvm.dll+0x7d1b70]
V  [jvm.dll+0x779b4a]
V  [jvm.dll+0x667666]
C  [ucrtbase.dll+0x1c4ce]
C  [KERNEL32.DLL+0x13034]
C  [ntdll.dll+0x73691]

VM_Operation (0x000000d6ebdff520): get/set locals, mode: safepoint, requested by thread 0x0000026b31aaa590


---------------  P R O C E S S  ---------------

Threads class SMR info:
_java_thread_list=0x0000026b31fe9e40, length=15, elements={
0x0000026b12b8b840, 0x0000026b3182f150, 0x0000026b31830340, 0x0000026b30d3c7b0,
0x0000026b30d3e0d0, 0x0000026b31852330, 0x0000026b31853060, 0x0000026b318579c0,
0x0000026b31874840, 0x0000026b318775c0, 0x0000026b3191b0a0, 0x0000026b31aaa590,
0x0000026b31aca9d0, 0x0000026b31acaf10, 0x0000026b31fd2cc0
}

Java Threads: ( => current thread )
  0x0000026b12b8b840 JavaThread "main" [_thread_blocked, id=5868, stack(0x000000d6eac00000,0x000000d6ead00000)]
  0x0000026b3182f150 JavaThread "Reference Handler" daemon [_thread_blocked, id=7760, stack(0x000000d6eb300000,0x000000d6eb400000)]
  0x0000026b31830340 JavaThread "Finalizer" daemon [_thread_blocked, id=8816, stack(0x000000d6eb400000,0x000000d6eb500000)]
  0x0000026b30d3c7b0 JavaThread "Signal Dispatcher" daemon [_thread_blocked, id=6700, stack(0x000000d6eb500000,0x000000d6eb600000)]
  0x0000026b30d3e0d0 JavaThread "Attach Listener" daemon [_thread_blocked, id=9348, stack(0x000000d6eb600000,0x000000d6eb700000)]
  0x0000026b31852330 JavaThread "Service Thread" daemon [_thread_blocked, id=6664, stack(0x000000d6eb700000,0x000000d6eb800000)]
  0x0000026b31853060 JavaThread "Monitor Deflation Thread" daemon [_thread_blocked, id=2268, stack(0x000000d6eb800000,0x000000d6eb900000)]
  0x0000026b318579c0 JavaThread "C2 CompilerThread0" daemon [_thread_blocked, id=6624, stack(0x000000d6eb900000,0x000000d6eba00000)]
  0x0000026b31874840 JavaThread "C1 CompilerThread0" daemon [_thread_blocked, id=5804, stack(0x000000d6eba00000,0x000000d6ebb00000)]
  0x0000026b318775c0 JavaThread "Sweeper thread" daemon [_thread_blocked, id=10908, stack(0x000000d6ebb00000,0x000000d6ebc00000)]
  0x0000026b3191b0a0 JavaThread "Common-Cleaner" daemon [_thread_blocked, id=2420, stack(0x000000d6ebc00000,0x000000d6ebd00000)]
  0x0000026b31aaa590 JavaThread "JDWP Transport Listener: dt_socket" daemon [_thread_blocked, id=3608, stack(0x000000d6ebd00000,0x000000d6ebe00000)]
  0x0000026b31aca9d0 JavaThread "JDWP Event Helper Thread" daemon [_thread_blocked, id=364, stack(0x000000d6ebe00000,0x000000d6ebf00000)]
  0x0000026b31acaf10 JavaThread "JDWP Command Reader" daemon [_thread_in_native, id=2348, stack(0x000000d6ebf00000,0x000000d6ec000000)]
  0x0000026b31fd2cc0 JavaThread "Notification Thread" daemon [_thread_blocked, id=796, stack(0x000000d6ec000000,0x000000d6ec100000)]

Other Threads:
=>0x0000026b30d2fbc0 VMThread "VM Thread" [stack: 0x000000d6eb200000,0x000000d6eb300000] [id=5096]
  0x0000026b31fd0820 WatcherThread [stack: 0x000000d6ec100000,0x000000d6ec200000] [id=2840]
  0x0000026b12bdc7b0 GCTaskThread "GC Thread#0" [stack: 0x000000d6ead00000,0x000000d6eae00000] [id=5036]
  0x0000026b12bef210 ConcurrentGCThread "G1 Main Marker" [stack: 0x000000d6eae00000,0x000000d6eaf00000] [id=7816]
  0x0000026b12befc10 ConcurrentGCThread "G1 Conc#0" [stack: 0x000000d6eaf00000,0x000000d6eb000000] [id=6508]
  0x0000026b12c52710 ConcurrentGCThread "G1 Refine#0" [stack: 0x000000d6eb000000,0x000000d6eb100000] [id=1992]
  0x0000026b12c53120 ConcurrentGCThread "G1 Service" [stack: 0x000000d6eb100000,0x000000d6eb200000] [id=5460]

Threads with active compile tasks:

VM state: at safepoint (normal execution)

VM Mutex/Monitor currently owned by a thread:  ([mutex/lock_event])
[0x0000026b12b87ed0] Threads_lock - owner thread: 0x0000026b30d2fbc0

Heap address: 0x0000000701c00000, size: 4068 MB, Compressed Oops mode: Zero based, Oop shift amount: 3

CDS disabled.
Compressed class space mapped at: 0x0000000800000000-0x0000000840000000, reserved size: 1073741824
Narrow klass base: 0x0000000800000000, Narrow klass shift: 0, Narrow klass range: 0x40000000

GC Precious Log:
 CPUs: 4 total, 4 available
 Memory: 16264M
 Large Page Support: Disabled
 NUMA Support: Disabled
 Compressed Oops: Enabled (Zero based)
 Heap Region Size: 2M
 Heap Min Capacity: 8M
 Heap Initial Capacity: 256M
 Heap Max Capacity: 4068M
 Pre-touch: Disabled
 Parallel Workers: 4
 Concurrent Workers: 1
 Concurrent Refinement Workers: 4
 Periodic GC: Disabled

Heap:
 garbage-first heap   total 262144K, used 6144K [0x0000000701c00000, 0x0000000800000000)
  region size 2048K, 4 young (8192K), 0 survivors (0K)
 Metaspace       used 10094K, committed 10240K, reserved 1064960K
  class space    used 871K, committed 960K, reserved 1048576K

Heap Regions: E=young(eden), S=young(survivor), O=old, HS=humongous(starts), HC=humongous(continues), CS=collection set, F=free, OA=open archive, CA=closed archive, TAMS=top-at-mark-start (previous, next)
|   0|0x0000000701c00000, 0x0000000701c00000, 0x0000000701e00000|  0%| F|  |TAMS 0x0000000701c00000, 0x0000000701c00000| Untracked 
|   1|0x0000000701e00000, 0x0000000701e00000, 0x0000000702000000|  0%| F|  |TAMS 0x0000000701e00000, 0x0000000701e00000| Untracked 
|   2|0x0000000702000000, 0x0000000702000000, 0x0000000702200000|  0%| F|  |TAMS 0x0000000702000000, 0x0000000702000000| Untracked 
|   3|0x0000000702200000, 0x0000000702200000, 0x0000000702400000|  0%| F|  |TAMS 0x0000000702200000, 0x0000000702200000| Untracked 
|   4|0x0000000702400000, 0x0000000702400000, 0x0000000702600000|  0%| F|  |TAMS 0x0000000702400000, 0x0000000702400000| Untracked 
|   5|0x0000000702600000, 0x0000000702600000, 0x0000000702800000|  0%| F|  |TAMS 0x0000000702600000, 0x0000000702600000| Untracked 
|   6|0x0000000702800000, 0x0000000702800000, 0x0000000702a00000|  0%| F|  |TAMS 0x0000000702800000, 0x0000000702800000| Untracked 
|   7|0x0000000702a00000, 0x0000000702a00000, 0x0000000702c00000|  0%| F|  |TAMS 0x0000000702a00000, 0x0000000702a00000| Untracked 
|   8|0x0000000702c00000, 0x0000000702c00000, 0x0000000702e00000|  0%| F|  |TAMS 0x0000000702c00000, 0x0000000702c00000| Untracked 
|   9|0x0000000702e00000, 0x0000000702e00000, 0x0000000703000000|  0%| F|  |TAMS 0x0000000702e00000, 0x0000000702e00000| Untracked 
|  10|0x0000000703000000, 0x0000000703000000, 0x0000000703200000|  0%| F|  |TAMS 0x0000000703000000, 0x0000000703000000| Untracked 
|  11|0x0000000703200000, 0x0000000703200000, 0x0000000703400000|  0%| F|  |TAMS 0x0000000703200000, 0x0000000703200000| Untracked 
|  12|0x0000000703400000, 0x0000000703400000, 0x0000000703600000|  0%| F|  |TAMS 0x0000000703400000, 0x0000000703400000| Untracked 
|  13|0x0000000703600000, 0x0000000703600000, 0x0000000703800000|  0%| F|  |TAMS 0x0000000703600000, 0x0000000703600000| Untracked 
|  14|0x0000000703800000, 0x0000000703800000, 0x0000000703a00000|  0%| F|  |TAMS 0x0000000703800000, 0x0000000703800000| Untracked 
|  15|0x0000000703a00000, 0x0000000703a00000, 0x0000000703c00000|  0%| F|  |TAMS 0x0000000703a00000, 0x0000000703a00000| Untracked 
|  16|0x0000000703c00000, 0x0000000703c00000, 0x0000000703e00000|  0%| F|  |TAMS 0x0000000703c00000, 0x0000000703c00000| Untracked 
|  17|0x0000000703e00000, 0x0000000703e00000, 0x0000000704000000|  0%| F|  |TAMS 0x0000000703e00000, 0x0000000703e00000| Untracked 
|  18|0x0000000704000000, 0x0000000704000000, 0x0000000704200000|  0%| F|  |TAMS 0x0000000704000000, 0x0000000704000000| Untracked 
|  19|0x0000000704200000, 0x0000000704200000, 0x0000000704400000|  0%| F|  |TAMS 0x0000000704200000, 0x0000000704200000| Untracked 
|  20|0x0000000704400000, 0x0000000704400000, 0x0000000704600000|  0%| F|  |TAMS 0x0000000704400000, 0x0000000704400000| Untracked 
|  21|0x0000000704600000, 0x0000000704600000, 0x0000000704800000|  0%| F|  |TAMS 0x0000000704600000, 0x0000000704600000| Untracked 
|  22|0x0000000704800000, 0x0000000704800000, 0x0000000704a00000|  0%| F|  |TAMS 0x0000000704800000, 0x0000000704800000| Untracked 
|  23|0x0000000704a00000, 0x0000000704a00000, 0x0000000704c00000|  0%| F|  |TAMS 0x0000000704a00000, 0x0000000704a00000| Untracked 
|  24|0x0000000704c00000, 0x0000000704c00000, 0x0000000704e00000|  0%| F|  |TAMS 0x0000000704c00000, 0x0000000704c00000| Untracked 
|  25|0x0000000704e00000, 0x0000000704e00000, 0x0000000705000000|  0%| F|  |TAMS 0x0000000704e00000, 0x0000000704e00000| Untracked 
|  26|0x0000000705000000, 0x0000000705000000, 0x0000000705200000|  0%| F|  |TAMS 0x0000000705000000, 0x0000000705000000| Untracked 
|  27|0x0000000705200000, 0x0000000705200000, 0x0000000705400000|  0%| F|  |TAMS 0x0000000705200000, 0x0000000705200000| Untracked 
|  28|0x0000000705400000, 0x0000000705400000, 0x0000000705600000|  0%| F|  |TAMS 0x0000000705400000, 0x0000000705400000| Untracked 
|  29|0x0000000705600000, 0x0000000705600000, 0x0000000705800000|  0%| F|  |TAMS 0x0000000705600000, 0x0000000705600000| Untracked 
|  30|0x0000000705800000, 0x0000000705800000, 0x0000000705a00000|  0%| F|  |TAMS 0x0000000705800000, 0x0000000705800000| Untracked 
|  31|0x0000000705a00000, 0x0000000705a00000, 0x0000000705c00000|  0%| F|  |TAMS 0x0000000705a00000, 0x0000000705a00000| Untracked 
|  32|0x0000000705c00000, 0x0000000705c00000, 0x0000000705e00000|  0%| F|  |TAMS 0x0000000705c00000, 0x0000000705c00000| Untracked 
|  33|0x0000000705e00000, 0x0000000705e00000, 0x0000000706000000|  0%| F|  |TAMS 0x0000000705e00000, 0x0000000705e00000| Untracked 
|  34|0x0000000706000000, 0x0000000706000000, 0x0000000706200000|  0%| F|  |TAMS 0x0000000706000000, 0x0000000706000000| Untracked 
|  35|0x0000000706200000, 0x0000000706200000, 0x0000000706400000|  0%| F|  |TAMS 0x0000000706200000, 0x0000000706200000| Untracked 
|  36|0x0000000706400000, 0x0000000706400000, 0x0000000706600000|  0%| F|  |TAMS 0x0000000706400000, 0x0000000706400000| Untracked 
|  37|0x0000000706600000, 0x0000000706600000, 0x0000000706800000|  0%| F|  |TAMS 0x0000000706600000, 0x0000000706600000| Untracked 
|  38|0x0000000706800000, 0x0000000706800000, 0x0000000706a00000|  0%| F|  |TAMS 0x0000000706800000, 0x0000000706800000| Untracked 
|  39|0x0000000706a00000, 0x0000000706a00000, 0x0000000706c00000|  0%| F|  |TAMS 0x0000000706a00000, 0x0000000706a00000| Untracked 
|  40|0x0000000706c00000, 0x0000000706c00000, 0x0000000706e00000|  0%| F|  |TAMS 0x0000000706c00000, 0x0000000706c00000| Untracked 
|  41|0x0000000706e00000, 0x0000000706e00000, 0x0000000707000000|  0%| F|  |TAMS 0x0000000706e00000, 0x0000000706e00000| Untracked 
|  42|0x0000000707000000, 0x0000000707000000, 0x0000000707200000|  0%| F|  |TAMS 0x0000000707000000, 0x0000000707000000| Untracked 
|  43|0x0000000707200000, 0x0000000707200000, 0x0000000707400000|  0%| F|  |TAMS 0x0000000707200000, 0x0000000707200000| Untracked 
|  44|0x0000000707400000, 0x0000000707400000, 0x0000000707600000|  0%| F|  |TAMS 0x0000000707400000, 0x0000000707400000| Untracked 
|  45|0x0000000707600000, 0x0000000707600000, 0x0000000707800000|  0%| F|  |TAMS 0x0000000707600000, 0x0000000707600000| Untracked 
|  46|0x0000000707800000, 0x0000000707800000, 0x0000000707a00000|  0%| F|  |TAMS 0x0000000707800000, 0x0000000707800000| Untracked 
|  47|0x0000000707a00000, 0x0000000707a00000, 0x0000000707c00000|  0%| F|  |TAMS 0x0000000707a00000, 0x0000000707a00000| Untracked 
|  48|0x0000000707c00000, 0x0000000707c00000, 0x0000000707e00000|  0%| F|  |TAMS 0x0000000707c00000, 0x0000000707c00000| Untracked 
|  49|0x0000000707e00000, 0x0000000707e00000, 0x0000000708000000|  0%| F|  |TAMS 0x0000000707e00000, 0x0000000707e00000| Untracked 
|  50|0x0000000708000000, 0x0000000708000000, 0x0000000708200000|  0%| F|  |TAMS 0x0000000708000000, 0x0000000708000000| Untracked 
|  51|0x0000000708200000, 0x0000000708200000, 0x0000000708400000|  0%| F|  |TAMS 0x0000000708200000, 0x0000000708200000| Untracked 
|  52|0x0000000708400000, 0x0000000708400000, 0x0000000708600000|  0%| F|  |TAMS 0x0000000708400000, 0x0000000708400000| Untracked 
|  53|0x0000000708600000, 0x0000000708600000, 0x0000000708800000|  0%| F|  |TAMS 0x0000000708600000, 0x0000000708600000| Untracked 
|  54|0x0000000708800000, 0x0000000708800000, 0x0000000708a00000|  0%| F|  |TAMS 0x0000000708800000, 0x0000000708800000| Untracked 
|  55|0x0000000708a00000, 0x0000000708a00000, 0x0000000708c00000|  0%| F|  |TAMS 0x0000000708a00000, 0x0000000708a00000| Untracked 
|  56|0x0000000708c00000, 0x0000000708c00000, 0x0000000708e00000|  0%| F|  |TAMS 0x0000000708c00000, 0x0000000708c00000| Untracked 
|  57|0x0000000708e00000, 0x0000000708e00000, 0x0000000709000000|  0%| F|  |TAMS 0x0000000708e00000, 0x0000000708e00000| Untracked 
|  58|0x0000000709000000, 0x0000000709000000, 0x0000000709200000|  0%| F|  |TAMS 0x0000000709000000, 0x0000000709000000| Untracked 
|  59|0x0000000709200000, 0x0000000709200000, 0x0000000709400000|  0%| F|  |TAMS 0x0000000709200000, 0x0000000709200000| Untracked 
|  60|0x0000000709400000, 0x0000000709400000, 0x0000000709600000|  0%| F|  |TAMS 0x0000000709400000, 0x0000000709400000| Untracked 
|  61|0x0000000709600000, 0x0000000709600000, 0x0000000709800000|  0%| F|  |TAMS 0x0000000709600000, 0x0000000709600000| Untracked 
|  62|0x0000000709800000, 0x0000000709800000, 0x0000000709a00000|  0%| F|  |TAMS 0x0000000709800000, 0x0000000709800000| Untracked 
|  63|0x0000000709a00000, 0x0000000709a00000, 0x0000000709c00000|  0%| F|  |TAMS 0x0000000709a00000, 0x0000000709a00000| Untracked 
|  64|0x0000000709c00000, 0x0000000709c00000, 0x0000000709e00000|  0%| F|  |TAMS 0x0000000709c00000, 0x0000000709c00000| Untracked 
|  65|0x0000000709e00000, 0x0000000709e00000, 0x000000070a000000|  0%| F|  |TAMS 0x0000000709e00000, 0x0000000709e00000| Untracked 
|  66|0x000000070a000000, 0x000000070a000000, 0x000000070a200000|  0%| F|  |TAMS 0x000000070a000000, 0x000000070a000000| Untracked 
|  67|0x000000070a200000, 0x000000070a200000, 0x000000070a400000|  0%| F|  |TAMS 0x000000070a200000, 0x000000070a200000| Untracked 
|  68|0x000000070a400000, 0x000000070a400000, 0x000000070a600000|  0%| F|  |TAMS 0x000000070a400000, 0x000000070a400000| Untracked 
|  69|0x000000070a600000, 0x000000070a600000, 0x000000070a800000|  0%| F|  |TAMS 0x000000070a600000, 0x000000070a600000| Untracked 
|  70|0x000000070a800000, 0x000000070a800000, 0x000000070aa00000|  0%| F|  |TAMS 0x000000070a800000, 0x000000070a800000| Untracked 
|  71|0x000000070aa00000, 0x000000070aa00000, 0x000000070ac00000|  0%| F|  |TAMS 0x000000070aa00000, 0x000000070aa00000| Untracked 
|  72|0x000000070ac00000, 0x000000070ac00000, 0x000000070ae00000|  0%| F|  |TAMS 0x000000070ac00000, 0x000000070ac00000| Untracked 
|  73|0x000000070ae00000, 0x000000070ae00000, 0x000000070b000000|  0%| F|  |TAMS 0x000000070ae00000, 0x000000070ae00000| Untracked 
|  74|0x000000070b000000, 0x000000070b000000, 0x000000070b200000|  0%| F|  |TAMS 0x000000070b000000, 0x000000070b000000| Untracked 
|  75|0x000000070b200000, 0x000000070b200000, 0x000000070b400000|  0%| F|  |TAMS 0x000000070b200000, 0x000000070b200000| Untracked 
|  76|0x000000070b400000, 0x000000070b400000, 0x000000070b600000|  0%| F|  |TAMS 0x000000070b400000, 0x000000070b400000| Untracked 
|  77|0x000000070b600000, 0x000000070b600000, 0x000000070b800000|  0%| F|  |TAMS 0x000000070b600000, 0x000000070b600000| Untracked 
|  78|0x000000070b800000, 0x000000070b800000, 0x000000070ba00000|  0%| F|  |TAMS 0x000000070b800000, 0x000000070b800000| Untracked 
|  79|0x000000070ba00000, 0x000000070ba00000, 0x000000070bc00000|  0%| F|  |TAMS 0x000000070ba00000, 0x000000070ba00000| Untracked 
|  80|0x000000070bc00000, 0x000000070bc00000, 0x000000070be00000|  0%| F|  |TAMS 0x000000070bc00000, 0x000000070bc00000| Untracked 
|  81|0x000000070be00000, 0x000000070be00000, 0x000000070c000000|  0%| F|  |TAMS 0x000000070be00000, 0x000000070be00000| Untracked 
|  82|0x000000070c000000, 0x000000070c000000, 0x000000070c200000|  0%| F|  |TAMS 0x000000070c000000, 0x000000070c000000| Untracked 
|  83|0x000000070c200000, 0x000000070c200000, 0x000000070c400000|  0%| F|  |TAMS 0x000000070c200000, 0x000000070c200000| Untracked 
|  84|0x000000070c400000, 0x000000070c400000, 0x000000070c600000|  0%| F|  |TAMS 0x000000070c400000, 0x000000070c400000| Untracked 
|  85|0x000000070c600000, 0x000000070c600000, 0x000000070c800000|  0%| F|  |TAMS 0x000000070c600000, 0x000000070c600000| Untracked 
|  86|0x000000070c800000, 0x000000070c800000, 0x000000070ca00000|  0%| F|  |TAMS 0x000000070c800000, 0x000000070c800000| Untracked 
|  87|0x000000070ca00000, 0x000000070ca00000, 0x000000070cc00000|  0%| F|  |TAMS 0x000000070ca00000, 0x000000070ca00000| Untracked 
|  88|0x000000070cc00000, 0x000000070cc00000, 0x000000070ce00000|  0%| F|  |TAMS 0x000000070cc00000, 0x000000070cc00000| Untracked 
|  89|0x000000070ce00000, 0x000000070ce00000, 0x000000070d000000|  0%| F|  |TAMS 0x000000070ce00000, 0x000000070ce00000| Untracked 
|  90|0x000000070d000000, 0x000000070d000000, 0x000000070d200000|  0%| F|  |TAMS 0x000000070d000000, 0x000000070d000000| Untracked 
|  91|0x000000070d200000, 0x000000070d200000, 0x000000070d400000|  0%| F|  |TAMS 0x000000070d200000, 0x000000070d200000| Untracked 
|  92|0x000000070d400000, 0x000000070d400000, 0x000000070d600000|  0%| F|  |TAMS 0x000000070d400000, 0x000000070d400000| Untracked 
|  93|0x000000070d600000, 0x000000070d600000, 0x000000070d800000|  0%| F|  |TAMS 0x000000070d600000, 0x000000070d600000| Untracked 
|  94|0x000000070d800000, 0x000000070d800000, 0x000000070da00000|  0%| F|  |TAMS 0x000000070d800000, 0x000000070d800000| Untracked 
|  95|0x000000070da00000, 0x000000070da00000, 0x000000070dc00000|  0%| F|  |TAMS 0x000000070da00000, 0x000000070da00000| Untracked 
|  96|0x000000070dc00000, 0x000000070dc00000, 0x000000070de00000|  0%| F|  |TAMS 0x000000070dc00000, 0x000000070dc00000| Untracked 
|  97|0x000000070de00000, 0x000000070de00000, 0x000000070e000000|  0%| F|  |TAMS 0x000000070de00000, 0x000000070de00000| Untracked 
|  98|0x000000070e000000, 0x000000070e000000, 0x000000070e200000|  0%| F|  |TAMS 0x000000070e000000, 0x000000070e000000| Untracked 
|  99|0x000000070e200000, 0x000000070e200000, 0x000000070e400000|  0%| F|  |TAMS 0x000000070e200000, 0x000000070e200000| Untracked 
| 100|0x000000070e400000, 0x000000070e400000, 0x000000070e600000|  0%| F|  |TAMS 0x000000070e400000, 0x000000070e400000| Untracked 
| 101|0x000000070e600000, 0x000000070e600000, 0x000000070e800000|  0%| F|  |TAMS 0x000000070e600000, 0x000000070e600000| Untracked 
| 102|0x000000070e800000, 0x000000070e800000, 0x000000070ea00000|  0%| F|  |TAMS 0x000000070e800000, 0x000000070e800000| Untracked 
| 103|0x000000070ea00000, 0x000000070ea00000, 0x000000070ec00000|  0%| F|  |TAMS 0x000000070ea00000, 0x000000070ea00000| Untracked 
| 104|0x000000070ec00000, 0x000000070ec00000, 0x000000070ee00000|  0%| F|  |TAMS 0x000000070ec00000, 0x000000070ec00000| Untracked 
| 105|0x000000070ee00000, 0x000000070ee00000, 0x000000070f000000|  0%| F|  |TAMS 0x000000070ee00000, 0x000000070ee00000| Untracked 
| 106|0x000000070f000000, 0x000000070f000000, 0x000000070f200000|  0%| F|  |TAMS 0x000000070f000000, 0x000000070f000000| Untracked 
| 107|0x000000070f200000, 0x000000070f200000, 0x000000070f400000|  0%| F|  |TAMS 0x000000070f200000, 0x000000070f200000| Untracked 
| 108|0x000000070f400000, 0x000000070f400000, 0x000000070f600000|  0%| F|  |TAMS 0x000000070f400000, 0x000000070f400000| Untracked 
| 109|0x000000070f600000, 0x000000070f600000, 0x000000070f800000|  0%| F|  |TAMS 0x000000070f600000, 0x000000070f600000| Untracked 
| 110|0x000000070f800000, 0x000000070f800000, 0x000000070fa00000|  0%| F|  |TAMS 0x000000070f800000, 0x000000070f800000| Untracked 
| 111|0x000000070fa00000, 0x000000070fa00000, 0x000000070fc00000|  0%| F|  |TAMS 0x000000070fa00000, 0x000000070fa00000| Untracked 
| 112|0x000000070fc00000, 0x000000070fc00000, 0x000000070fe00000|  0%| F|  |TAMS 0x000000070fc00000, 0x000000070fc00000| Untracked 
| 113|0x000000070fe00000, 0x000000070fe00000, 0x0000000710000000|  0%| F|  |TAMS 0x000000070fe00000, 0x000000070fe00000| Untracked 
| 114|0x0000000710000000, 0x0000000710000000, 0x0000000710200000|  0%| F|  |TAMS 0x0000000710000000, 0x0000000710000000| Untracked 
| 115|0x0000000710200000, 0x0000000710200000, 0x0000000710400000|  0%| F|  |TAMS 0x0000000710200000, 0x0000000710200000| Untracked 
| 116|0x0000000710400000, 0x0000000710400000, 0x0000000710600000|  0%| F|  |TAMS 0x0000000710400000, 0x0000000710400000| Untracked 
| 117|0x0000000710600000, 0x0000000710600000, 0x0000000710800000|  0%| F|  |TAMS 0x0000000710600000, 0x0000000710600000| Untracked 
| 118|0x0000000710800000, 0x0000000710800000, 0x0000000710a00000|  0%| F|  |TAMS 0x0000000710800000, 0x0000000710800000| Untracked 
| 119|0x0000000710a00000, 0x0000000710a00000, 0x0000000710c00000|  0%| F|  |TAMS 0x0000000710a00000, 0x0000000710a00000| Untracked 
| 120|0x0000000710c00000, 0x0000000710c00000, 0x0000000710e00000|  0%| F|  |TAMS 0x0000000710c00000, 0x0000000710c00000| Untracked 
| 121|0x0000000710e00000, 0x0000000710e00000, 0x0000000711000000|  0%| F|  |TAMS 0x0000000710e00000, 0x0000000710e00000| Untracked 
| 122|0x0000000711000000, 0x0000000711000000, 0x0000000711200000|  0%| F|  |TAMS 0x0000000711000000, 0x0000000711000000| Untracked 
| 123|0x0000000711200000, 0x0000000711200000, 0x0000000711400000|  0%| F|  |TAMS 0x0000000711200000, 0x0000000711200000| Untracked 
| 124|0x0000000711400000, 0x0000000711480268, 0x0000000711600000| 25%| E|  |TAMS 0x0000000711400000, 0x0000000711400000| Complete 
| 125|0x0000000711600000, 0x0000000711800000, 0x0000000711800000|100%| E|CS|TAMS 0x0000000711600000, 0x0000000711600000| Complete 
| 126|0x0000000711800000, 0x0000000711a00000, 0x0000000711a00000|100%| E|CS|TAMS 0x0000000711800000, 0x0000000711800000| Complete 
| 127|0x0000000711a00000, 0x0000000711c00000, 0x0000000711c00000|100%| E|CS|TAMS 0x0000000711a00000, 0x0000000711a00000| Complete 

Card table byte_map: [0x0000026b258f0000,0x0000026b260f0000] _byte_map_base: 0x0000026b220e2000

Marking Bits (Prev, Next): (CMBitMap*) 0x0000026b12bdddc0, (CMBitMap*) 0x0000026b12bdde00
 Prev Bits: [0x0000026b268f0000, 0x0000026b2a880000)
 Next Bits: [0x0000026b2a880000, 0x0000026b2e810000)

Polling page: 0x0000026b108e0000

Metaspace:

Usage:
  Non-class:      9.01 MB used.
      Class:    871.01 KB used.
       Both:      9.86 MB used.

Virtual space:
  Non-class space:       16.00 MB reserved,       9.06 MB ( 57%) committed,  2 nodes.
      Class space:        1.00 GB reserved,     960.00 KB ( <1%) committed,  1 nodes.
              Both:        1.02 GB reserved,      10.00 MB ( <1%) committed. 

Chunk freelists:
   Non-Class:  2.73 MB
       Class:  3.10 MB
        Both:  5.83 MB

MaxMetaspaceSize: 17179869184.00 GB
CompressedClassSpaceSize: 1.00 GB
 - commit_granule_bytes: 65536.
 - commit_granule_words: 8192.
 - virtual_space_node_default_size: 1048576.
 - enlarge_chunks_in_place: 1.
 - new_chunks_are_fully_committed: 0.
 - uncommit_free_chunks: 1.
 - use_allocation_guard: 0.
 - handle_deallocations: 1.


Internal statistics:

num_allocs_failed_limit: 0.
num_arena_births: 12.
num_arena_deaths: 0.
num_vsnodes_births: 3.
num_vsnodes_deaths: 0.
num_space_committed: 160.
num_space_uncommitted: 0.
num_chunks_returned_to_freelist: 0.
num_chunks_taken_from_freelist: 55.
num_chunk_merges: 0.
num_chunk_splits: 21.
num_chunks_enlarged: 12.
num_purges: 0.

CodeHeap 'non-profiled nmethods': size=120000Kb used=140Kb max_used=140Kb free=119859Kb
 bounds [0x0000026b1dbc0000, 0x0000026b1de30000, 0x0000026b250f0000]
CodeHeap 'profiled nmethods': size=120000Kb used=604Kb max_used=604Kb free=119395Kb
 bounds [0x0000026b16690000, 0x0000026b16900000, 0x0000026b1dbc0000]
CodeHeap 'non-nmethods': size=5760Kb used=1207Kb max_used=1222Kb free=4552Kb
 bounds [0x0000026b160f0000, 0x0000026b16360000, 0x0000026b16690000]
 total_blobs=858 nmethods=443 adapters=328
 compilation: enabled
              stopped_count=0, restarted_count=0
 full_count=0

Compilation events (20 events):
Event: 0.591 Thread 0x0000026b318579c0  434       4       java.util.Objects::requireNonNull (14 bytes)
Event: 0.591 Thread 0x0000026b31874840  435       3       jdk.internal.org.objectweb.asm.ByteVector::put12 (64 bytes)
Event: 0.591 Thread 0x0000026b31874840 nmethod 435 0x0000026b16726190 code [0x0000026b16726340, 0x0000026b16726588]
Event: 0.591 Thread 0x0000026b318579c0 nmethod 434 0x0000026b1dbe1c90 code [0x0000026b1dbe1e00, 0x0000026b1dbe1e78]
Event: 0.593 Thread 0x0000026b31874840  436       3       java.lang.StringUTF16::getChar (60 bytes)
Event: 0.593 Thread 0x0000026b31874840 nmethod 436 0x0000026b16726710 code [0x0000026b167268c0, 0x0000026b16726a38]
Event: 0.593 Thread 0x0000026b318579c0  437       4       java.lang.StringUTF16::getChar (60 bytes)
Event: 0.594 Thread 0x0000026b318579c0 nmethod 437 0x0000026b1dbe1f90 code [0x0000026b1dbe2120, 0x0000026b1dbe2218]
Event: 2043.399 Thread 0x0000026b31874840  441       3       org.eclipse.jdt.launching.internal.org.objectweb.asm.SymbolTable::addConstantUtf8Reference (20 bytes)
Event: 2043.399 Thread 0x0000026b318579c0  442       4       org.eclipse.jdt.launching.internal.org.objectweb.asm.ClassReader::getItem (7 bytes)
Event: 2043.400 Thread 0x0000026b31874840 nmethod 441 0x0000026b16726b10 code [0x0000026b16726ce0, 0x0000026b16726fa8]
Event: 2043.402 Thread 0x0000026b318579c0 

Event: 2116.450 Thread 0x0000026b318579c0  443       4       java.lang.StringUTF16::compress (50 bytes)
Event: 2116.459 Thread 0x0000026b318579c0 

Event: 2129.053 Thread 0x0000026b31874840  444       1       sun.instrument.TransformerManager::getSnapshotTransformerList (5 bytes)
Event: 2129.053 Thread 0x0000026b31874840 nmethod 444 0x0000026b1dbe2c10 code [0x0000026b1dbe2da0, 0x0000026b1dbe2e78]
Event: 2152.487 Thread 0x0000026b31874840  445       1       sun.instrument.TransformerManager$TransformerInfo::transformer (5 bytes)
Event: 2152.487 Thread 0x0000026b31874840 nmethod 445 0x0000026b1dbe2f10 code [0x0000026b1dbe30a0, 0x0000026b1dbe3178]
Event: 2152.487 Thread 0x0000026b318579c0  446       4       java.lang.StringUTF16::compress (50 bytes)
Event: 2152.496 Thread 0x0000026b318579c0 


GC Heap History (0 events):
No events

Deoptimization events (20 events):
Event: 0.529 Thread 0x0000026b12b8b840 DEOPT PACKING pc=0x0000026b167009e7 sp=0x000000d6eacfb8c0
Event: 0.529 Thread 0x0000026b12b8b840 DEOPT UNPACKING pc=0x0000026b1613dece sp=0x000000d6eacfad28 mode 0
Event: 0.532 Thread 0x0000026b12b8b840 DEOPT PACKING pc=0x0000026b167009e7 sp=0x000000d6eacf7e10
Event: 0.532 Thread 0x0000026b12b8b840 DEOPT UNPACKING pc=0x0000026b1613dece sp=0x000000d6eacf7278 mode 0
Event: 0.534 Thread 0x0000026b12b8b840 DEOPT PACKING pc=0x0000026b167009e7 sp=0x000000d6eacfb7f0
Event: 0.534 Thread 0x0000026b12b8b840 DEOPT UNPACKING pc=0x0000026b1613dece sp=0x000000d6eacfac58 mode 0
Event: 0.535 Thread 0x0000026b12b8b840 DEOPT PACKING pc=0x0000026b167009e7 sp=0x000000d6eacfb8c0
Event: 0.535 Thread 0x0000026b12b8b840 DEOPT UNPACKING pc=0x0000026b1613dece sp=0x000000d6eacfad28 mode 0
Event: 0.583 Thread 0x0000026b12b8b840 Uncommon trap: trap_request=0xffffff45 fr.pc=0x0000026b1dbc8d78 relative=0x00000000000001d8
Event: 0.583 Thread 0x0000026b12b8b840 Uncommon trap: reason=unstable_if action=reinterpret pc=0x0000026b1dbc8d78 method=java.lang.String.isLatin1()Z @ 10 c2
Event: 0.583 Thread 0x0000026b12b8b840 DEOPT PACKING pc=0x0000026b1dbc8d78 sp=0x000000d6eacfc720
Event: 0.583 Thread 0x0000026b12b8b840 DEOPT UNPACKING pc=0x0000026b1613d72e sp=0x000000d6eacfc658 mode 2
Event: 0.583 Thread 0x0000026b12b8b840 Uncommon trap: trap_request=0xffffff45 fr.pc=0x0000026b1dbd8d80 relative=0x0000000000000060
Event: 0.583 Thread 0x0000026b12b8b840 Uncommon trap: reason=unstable_if action=reinterpret pc=0x0000026b1dbd8d80 method=java.lang.String.isLatin1()Z @ 10 c2
Event: 0.583 Thread 0x0000026b12b8b840 DEOPT PACKING pc=0x0000026b1dbd8d80 sp=0x000000d6eacfc6b0
Event: 0.583 Thread 0x0000026b12b8b840 DEOPT UNPACKING pc=0x0000026b1613d72e sp=0x000000d6eacfc650 mode 2
Event: 0.592 Thread 0x0000026b12b8b840 Uncommon trap: trap_request=0xffffff45 fr.pc=0x0000026b1dbd1768 relative=0x0000000000000048
Event: 0.592 Thread 0x0000026b12b8b840 Uncommon trap: reason=unstable_if action=reinterpret pc=0x0000026b1dbd1768 method=java.lang.CharacterData.of(I)Ljava/lang/CharacterData; @ 4 c2
Event: 0.592 Thread 0x0000026b12b8b840 DEOPT PACKING pc=0x0000026b1dbd1768 sp=0x000000d6eacfe670
Event: 0.592 Thread 0x0000026b12b8b840 DEOPT UNPACKING pc=0x0000026b1613d72e sp=0x000000d6eacfe610 mode 2

Classes unloaded (0 events):
No events

Classes redefined (9 events):
Event: 1415.510 Thread 0x0000026b30d2fbc0 redefined class name=areaDaCasa.CalculoDaCasa, count=1
Event: 2002.443 Thread 0x0000026b30d2fbc0 redefined class name=areaDaCasa.CalculoDaCasa, count=2
Event: 2017.311 Thread 0x0000026b30d2fbc0 redefined class name=areaDaCasa.CalculoDaCasa, count=3
Event: 2043.401 Thread 0x0000026b30d2fbc0 redefined class name=areaDaCasa.CalculoDaCasa, count=4
Event: 2102.099 Thread 0x0000026b30d2fbc0 redefined class name=areaDaCasa.CalculoDaCasa, count=5
Event: 2116.451 Thread 0x0000026b30d2fbc0 redefined class name=areaDaCasa.CalculoDaCasa, count=6
Event: 2129.054 Thread 0x0000026b30d2fbc0 redefined class name=areaDaCasa.CalculoDaCasa, count=7
Event: 2152.488 Thread 0x0000026b30d2fbc0 redefined class name=areaDaCasa.CalculoDaCasa, count=8
Event: 2186.483 Thread 0x0000026b30d2fbc0 redefined class name=areaDaCasa.CalculoDaCasa, count=9

Internal exceptions (1 events):
Event: 0.495 Thread 0x0000026b12b8b840 Exception <a 'java/lang/NoSuchMethodError'{0x0000000711602f38}: 'java.lang.Object java.lang.invoke.DirectMethodHandle$Holder.invokeStatic(java.lang.Object)'> (0x0000000711602f38) 
thrown [t:\workspace\open\src\hotspot\share\interpreter\linkResolver.cpp, line 790]

Events (20 events):
Event: 2129.069 Executing  VM operation: ChangeBreakpoints done
Event: 2129.069 Executing  VM operation: ChangeBreakpoints
Event: 2129.069 Executing  VM operation: ChangeBreakpoints done
Event: 2152.487 Executing  VM operation: RedefineClasses
Event: 2152.490 Executing  VM operation: RedefineClasses done
Event: 2152.496 Executing  VM operation: ChangeBreakpoints
Event: 2152.497 Executing  VM operation: ChangeBreakpoints done
Event: 2152.504 Executing  VM operation: ChangeBreakpoints
Event: 2152.504 Executing  VM operation: ChangeBreakpoints done
Event: 2152.504 Executing  VM operation: ChangeBreakpoints
Event: 2152.504 Executing  VM operation: ChangeBreakpoints done
Event: 2186.482 Executing  VM operation: RedefineClasses
Event: 2186.484 Executing  VM operation: RedefineClasses done
Event: 2186.488 Executing  VM operation: ChangeBreakpoints
Event: 2186.488 Executing  VM operation: ChangeBreakpoints done
Event: 2186.493 Executing  VM operation: ChangeBreakpoints
Event: 2186.493 Executing  VM operation: ChangeBreakpoints done
Event: 2186.493 Executing  VM operation: ChangeBreakpoints
Event: 2186.493 Executing  VM operation: ChangeBreakpoints done
Event: 2351.978 Executing  VM operation: get/set locals


Dynamic libraries:
0x00007ff6accd0000 - 0x00007ff6accde000 	C:\Users\21276662\Downloads\eclipse\plugins\org.eclipse.justj.openjdk.hotspot.jre.full.win32.x86_64_16.0.1.v20210528-1205\jre\bin\javaw.exe
0x00007ffaf82f0000 - 0x00007ffaf84d1000 	C:\Windows\SYSTEM32\ntdll.dll
0x00007ffaf7e60000 - 0x00007ffaf7f12000 	C:\Windows\System32\KERNEL32.DLL
0x00007ffaf5480000 - 0x00007ffaf56f3000 	C:\Windows\System32\KERNELBASE.dll
0x00007ffaf5380000 - 0x00007ffaf547a000 	C:\Windows\System32\ucrtbase.dll
0x00007ffaeb1a0000 - 0x00007ffaeb1b8000 	C:\Users\21276662\Downloads\eclipse\plugins\org.eclipse.justj.openjdk.hotspot.jre.full.win32.x86_64_16.0.1.v20210528-1205\jre\bin\jli.dll
0x00007ffaeb180000 - 0x00007ffaeb199000 	C:\Users\21276662\Downloads\eclipse\plugins\org.eclipse.justj.openjdk.hotspot.jre.full.win32.x86_64_16.0.1.v20210528-1205\jre\bin\VCRUNTIME140.dll
0x00007ffaf5a70000 - 0x00007ffaf5c00000 	C:\Windows\System32\USER32.dll
0x00007ffae76f0000 - 0x00007ffae7959000 	C:\Windows\WinSxS\amd64_microsoft.windows.common-controls_6595b64144ccf1df_6.0.17134.472_none_fb3f9af53068156d\COMCTL32.dll
0x00007ffaf4b60000 - 0x00007ffaf4b80000 	C:\Windows\System32\win32u.dll
0x00007ffaf59c0000 - 0x00007ffaf5a5e000 	C:\Windows\System32\msvcrt.dll
0x00007ffaf66a0000 - 0x00007ffaf66c8000 	C:\Windows\System32\GDI32.dll
0x00007ffaf5e50000 - 0x00007ffaf6172000 	C:\Windows\System32\combase.dll
0x00007ffaf46c0000 - 0x00007ffaf4852000 	C:\Windows\System32\gdi32full.dll
0x00007ffaf5d20000 - 0x00007ffaf5e44000 	C:\Windows\System32\RPCRT4.dll
0x00007ffaf5700000 - 0x00007ffaf577a000 	C:\Windows\System32\bcryptPrimitives.dll
0x00007ffaf5290000 - 0x00007ffaf532f000 	C:\Windows\System32\msvcp_win.dll
0x00007ffaf5990000 - 0x00007ffaf59bd000 	C:\Windows\System32\IMM32.DLL
0x00007ffaecaa0000 - 0x00007ffaecaac000 	C:\Users\21276662\Downloads\eclipse\plugins\org.eclipse.justj.openjdk.hotspot.jre.full.win32.x86_64_16.0.1.v20210528-1205\jre\bin\vcruntime140_1.dll
0x00007ffadd4f0000 - 0x00007ffadd581000 	C:\Users\21276662\Downloads\eclipse\plugins\org.eclipse.justj.openjdk.hotspot.jre.full.win32.x86_64_16.0.1.v20210528-1205\jre\bin\msvcp140.dll
0x00007ffac9850000 - 0x00007ffaca3fb000 	C:\Users\21276662\Downloads\eclipse\plugins\org.eclipse.justj.openjdk.hotspot.jre.full.win32.x86_64_16.0.1.v20210528-1205\jre\bin\server\jvm.dll
0x00007ffaf6180000 - 0x00007ffaf6221000 	C:\Windows\System32\ADVAPI32.dll
0x00007ffaf81b0000 - 0x00007ffaf820b000 	C:\Windows\System32\sechost.dll
0x00007ffaf5a60000 - 0x00007ffaf5a68000 	C:\Windows\System32\PSAPI.DLL
0x00007ffaf2920000 - 0x00007ffaf2943000 	C:\Windows\SYSTEM32\WINMM.dll
0x00007ffae76e0000 - 0x00007ffae76ea000 	C:\Windows\SYSTEM32\VERSION.dll
0x00007ffaecab0000 - 0x00007ffaecab9000 	C:\Windows\SYSTEM32\WSOCK32.dll
0x00007ffaf69a0000 - 0x00007ffaf6a0c000 	C:\Windows\System32\WS2_32.dll
0x00007ffaf28f0000 - 0x00007ffaf291a000 	C:\Windows\SYSTEM32\winmmbase.dll
0x00007ffaf5330000 - 0x00007ffaf5379000 	C:\Windows\System32\cfgmgr32.dll
0x00007ffaf4680000 - 0x00007ffaf4691000 	C:\Windows\System32\kernel.appcore.dll
0x00007ffaebef0000 - 0x00007ffaebefa000 	C:\Users\21276662\Downloads\eclipse\plugins\org.eclipse.justj.openjdk.hotspot.jre.full.win32.x86_64_16.0.1.v20210528-1205\jre\bin\jimage.dll
0x00007ffae79b0000 - 0x00007ffae7b79000 	C:\Windows\SYSTEM32\DBGHELP.DLL
0x00007ffae7960000 - 0x00007ffae7989000 	C:\Windows\SYSTEM32\dbgcore.DLL
0x00007ffaeb0a0000 - 0x00007ffaeb0db000 	C:\Users\21276662\Downloads\eclipse\plugins\org.eclipse.justj.openjdk.hotspot.jre.full.win32.x86_64_16.0.1.v20210528-1205\jre\bin\jdwp.dll
0x00007ffaf29d0000 - 0x00007ffaf29de000 	C:\Users\21276662\Downloads\eclipse\plugins\org.eclipse.justj.openjdk.hotspot.jre.full.win32.x86_64_16.0.1.v20210528-1205\jre\bin\instrument.dll
0x00007ffaebe70000 - 0x00007ffaebe95000 	C:\Users\21276662\Downloads\eclipse\plugins\org.eclipse.justj.openjdk.hotspot.jre.full.win32.x86_64_16.0.1.v20210528-1205\jre\bin\java.dll
0x00007ffaebdc0000 - 0x00007ffaebdd8000 	C:\Users\21276662\Downloads\eclipse\plugins\org.eclipse.justj.openjdk.hotspot.jre.full.win32.x86_64_16.0.1.v20210528-1205\jre\bin\zip.dll
0x00007ffaf6a20000 - 0x00007ffaf7e60000 	C:\Windows\System32\SHELL32.dll
0x00007ffaf8210000 - 0x00007ffaf82b9000 	C:\Windows\System32\shcore.dll
0x00007ffaf4b80000 - 0x00007ffaf528d000 	C:\Windows\System32\windows.storage.dll
0x00007ffaf5790000 - 0x00007ffaf57e1000 	C:\Windows\System32\shlwapi.dll
0x00007ffaf4610000 - 0x00007ffaf462f000 	C:\Windows\System32\profapi.dll
0x00007ffaf4630000 - 0x00007ffaf467c000 	C:\Windows\System32\powrprof.dll
0x00007ffaf4600000 - 0x00007ffaf460a000 	C:\Windows\System32\FLTLIB.DLL
0x00007ffaf29b0000 - 0x00007ffaf29bc000 	C:\Users\21276662\Downloads\eclipse\plugins\org.eclipse.justj.openjdk.hotspot.jre.full.win32.x86_64_16.0.1.v20210528-1205\jre\bin\dt_socket.dll
0x00007ffaf3c00000 - 0x00007ffaf3c38000 	C:\Windows\SYSTEM32\IPHLPAPI.DLL
0x00007ffaf3e80000 - 0x00007ffaf3ee6000 	C:\Windows\system32\mswsock.dll
0x00007ffaf3c40000 - 0x00007ffaf3cfe000 	C:\Windows\SYSTEM32\DNSAPI.dll
0x00007ffaf6a10000 - 0x00007ffaf6a18000 	C:\Windows\System32\NSI.dll
0x00007ffaec940000 - 0x00007ffaec94a000 	C:\Windows\System32\rasadhlp.dll
0x00007ffaef740000 - 0x00007ffaef7b2000 	C:\Windows\System32\fwpuclnt.dll
0x00007ffaf4160000 - 0x00007ffaf4185000 	C:\Windows\SYSTEM32\bcrypt.dll
0x00007ffaebda0000 - 0x00007ffaebdb9000 	C:\Users\21276662\Downloads\eclipse\plugins\org.eclipse.justj.openjdk.hotspot.jre.full.win32.x86_64_16.0.1.v20210528-1205\jre\bin\net.dll
0x00007ffaf03a0000 - 0x00007ffaf047d000 	C:\Windows\SYSTEM32\WINHTTP.dll
0x00007ffaebd80000 - 0x00007ffaebd93000 	C:\Users\21276662\Downloads\eclipse\plugins\org.eclipse.justj.openjdk.hotspot.jre.full.win32.x86_64_16.0.1.v20210528-1205\jre\bin\nio.dll
0x00007ffaebcf0000 - 0x00007ffaebd00000 	C:\Users\21276662\Downloads\eclipse\plugins\org.eclipse.justj.openjdk.hotspot.jre.full.win32.x86_64_16.0.1.v20210528-1205\jre\bin\verify.dll

dbghelp: loaded successfully - version: 4.0.5 - missing functions: none
symbol engine: initialized successfully - sym options: 0x614 - pdb path: .;C:\Users\21276662\Downloads\eclipse\plugins\org.eclipse.justj.openjdk.hotspot.jre.full.win32.x86_64_16.0.1.v20210528-1205\jre\bin;C:\Windows\SYSTEM32;C:\Windows\WinSxS\amd64_microsoft.windows.common-controls_6595b64144ccf1df_6.0.17134.472_none_fb3f9af53068156d;C:\Users\21276662\Downloads\eclipse\plugins\org.eclipse.justj.openjdk.hotspot.jre.full.win32.x86_64_16.0.1.v20210528-1205\jre\bin\server

VM Arguments:
jvm_args: -XX:+ShowCodeDetailsInExceptionMessages -agentlib:jdwp=transport=dt_socket,suspend=y,address=localhost:59895 -javaagent:C:\Users\21276662\Downloads\eclipse\configuration\org.eclipse.osgi\415\0\.cp\lib\javaagent-shaded.jar -Dfile.encoding=Cp1252 
java_command: areaDaCasa.CalculoDaCasa
java_class_path (initial): C:\Users\21276662\areaDaCasa\bin
Launcher Type: SUN_STANDARD

[Global flags]
     intx CICompilerCount                          = 3                                         {product} {ergonomic}
     uint ConcGCThreads                            = 1                                         {product} {ergonomic}
     uint G1ConcRefinementThreads                  = 4                                         {product} {ergonomic}
   size_t G1HeapRegionSize                         = 2097152                                   {product} {ergonomic}
    uintx GCDrainStackTargetSize                   = 64                                        {product} {ergonomic}
   size_t InitialHeapSize                          = 268435456                                 {product} {ergonomic}
   size_t MarkStackSize                            = 4194304                                   {product} {ergonomic}
   size_t MaxHeapSize                              = 4265607168                                {product} {ergonomic}
   size_t MaxNewSize                               = 2558525440                                {product} {ergonomic}
   size_t MinHeapDeltaBytes                        = 2097152                                   {product} {ergonomic}
   size_t MinHeapSize                              = 8388608                                   {product} {ergonomic}
    uintx NonNMethodCodeHeapSize                   = 5832780                                {pd product} {ergonomic}
    uintx NonProfiledCodeHeapSize                  = 122912730                              {pd product} {ergonomic}
    uintx ProfiledCodeHeapSize                     = 122912730                              {pd product} {ergonomic}
    uintx ReservedCodeCacheSize                    = 251658240                              {pd product} {ergonomic}
     bool SegmentedCodeCache                       = true                                      {product} {ergonomic}
     bool ShowCodeDetailsInExceptionMessages       = true                                   {manageable} {command line}
   size_t SoftMaxHeapSize                          = 4265607168                             {manageable} {ergonomic}
     bool UseCompressedClassPointers               = true                           {product lp64_product} {ergonomic}
     bool UseCompressedOops                        = true                           {product lp64_product} {ergonomic}
     bool UseG1GC                                  = true                                      {product} {ergonomic}
     bool UseLargePagesIndividualAllocation        = false                                  {pd product} {ergonomic}

Logging:
Log output configuration:
 #0: stdout all=warning uptime,level,tags
 #1: stderr all=off uptime,level,tags

Environment Variables:
PATH=C:\Users\21276662\Downloads\eclipse\plugins\org.eclipse.justj.openjdk.hotspot.jre.full.win32.x86_64_16.0.1.v20210528-1205\jre\bin;C:/Users/21276662/Downloads/eclipse//plugins/org.eclipse.justj.openjdk.hotspot.jre.full.win32.x86_64_16.0.1.v20210528-1205/jre/bin/server;C:/Users/21276662/Downloads/eclipse//plugins/org.eclipse.justj.openjdk.hotspot.jre.full.win32.x86_64_16.0.1.v20210528-1205/jre/bin;C:\Program Files (x86)\Common Files\Oracle\Java\javapath;C:\Windows\system32;C:\Windows;C:\Windows\System32\Wbem;C:\Windows\System32\WindowsPowerShell\v1.0\;C:\Windows\System32\OpenSSH\;C:\Program Files (x86)\Brackets\command;C:\Program Files\Java\jdk1.8.0_212\bin;C:\Program Files\Git\cmd;C:\Program Files\nodejs\;C:\Users\21276662\AppData\Local\Microsoft\WindowsApps;;C:\Users\21276662\Downloads\eclipse;
USERNAME=21276662
OS=Windows_NT
PROCESSOR_IDENTIFIER=Intel64 Family 6 Model 42 Stepping 7, GenuineIntel



---------------  S Y S T E M  ---------------

OS:
 Windows 10 , 64 bit Build 17134 (10.0.17134.1)
OS uptime: 9 days 22:32 hours

CPU: total 4 (initial active 4) (4 cores per cpu, 1 threads per core) family 6 model 42 stepping 7 microcode 0x2d, cx8, cmov, fxsr, mmx, sse, sse2, sse3, ssse3, sse4.1, sse4.2, popcnt, tsc, tscinvbit, avx, aes, clmul, vzeroupper, clflush

Memory: 4k page, system-wide physical 16264M (11800M free)
TotalPageFile size 18696M (AvailPageFile size 11596M)
current process WorkingSet (physical memory assigned to process): 41M, peak: 47M
current process commit charge ("private bytes"): 336M, peak: 337M

vm_info: OpenJDK 64-Bit Server VM (16.0.1+9-24) for windows-amd64 JRE (16.0.1+9-24), built on Mar 26 2021 19:30:07 by "mach5one" with MS VC++ 16.7 (VS2019)

END.
